<?xml version="1.0" encoding="UTF-8"?><TestSessionContainer xmlns="http://www.codecover.org/xml/testsession-container" Date="1354703964456" TestSessionContainerId="0600405e-3b97-4fd4-ab8f-7c3bf7c353d2" version="1.0">
<SrcFileList>
<SrcFile Content="public class Calcolo {&#13;&#10;&#13;&#10;&#9;static void m(int x, int y, boolean proceed) {&#13;&#10;&#9;&#9;int h = x * y;&#13;&#10;&#9;&#9;if ((h&gt;100 &amp;&amp;  proceed) || x == 0){&#13;&#10;&#9;&#9;&#9;y++;&#13;&#10;&#9;&#9;}&#13;&#10;&#9;}&#13;&#10;&#13;&#10;}&#13;&#10;//         ( h&gt;100 &amp;&amp;  proceed) || x == 0&#13;&#10;//1. h&gt;100 T:    T          T           F &#13;&#10;//2. h&gt;100 F:    F          T           F&#13;&#10;//3. proceed T:  T          T           F  c'è già 1   &#13;&#10;//4. proceed F:  T          F           F" Filename="Calcolo.java" Intrnl_Id="1"/>
</SrcFileList>
<CritList>
<CritListEntry Name="org.codecover.model.utils.criteria.BranchCoverage" PluginName="org.codecover"/>
<CritListEntry Name="org.codecover.model.utils.criteria.ConditionCoverage" PluginName="org.codecover"/>
<CritListEntry Name="org.codecover.model.utils.criteria.QMOCoverage" PluginName="org.codecover"/>
<CritListEntry Name="org.codecover.model.utils.criteria.StatementCoverage" PluginName="org.codecover"/>
</CritList>
<BoolOpList>
<BoolOp Arity="2" Intrnl_Id="2" Name="conditional and (&amp;&amp;)">
<BoolAssgnmntBoolMapList>
<MapEntry BoolAssgnmnt="10" Value="false"/>
<MapEntry BoolAssgnmnt="02" Value="false"/>
<MapEntry BoolAssgnmnt="11" Value="true"/>
</BoolAssgnmntBoolMapList>
</BoolOp>
<BoolOp Arity="2" Intrnl_Id="3" Name="conditional or (||)">
<BoolAssgnmntBoolMapList>
<MapEntry BoolAssgnmnt="01" Value="true"/>
<MapEntry BoolAssgnmnt="00" Value="false"/>
<MapEntry BoolAssgnmnt="12" Value="true"/>
</BoolAssgnmntBoolMapList>
</BoolOp>
</BoolOpList>
<HierarchyLvlTypeList>
<HierarchyLvlType EnglishName="class" IntrnlName="class" Intrnl_Id="4"/>
<HierarchyLvlType EnglishName="method" IntrnlName="method" Intrnl_Id="5"/>
<HierarchyLvlType EnglishName="default package" IntrnlName="default package" Intrnl_Id="6"/>
</HierarchyLvlTypeList>
<MASTRoot>
<HierarchyLvl HierarchyLvlId="67" HierarchyLvlTypeId="6" Intrnl_Id="7" Name="default package">
<Header/>
<LocList/>
<HierarchyLvl HierarchyLvlId="66" HierarchyLvlTypeId="4" Intrnl_Id="8" Name="Calcolo">
<Header>
<Loc EndOffset="20" SrcFileId="1" StartOffset="0"/>
</Header>
<LocList>
<Loc EndOffset="153" SrcFileId="1" StartOffset="0"/>
</LocList>
<HierarchyLvl HierarchyLvlId="65" HierarchyLvlTypeId="5" Intrnl_Id="9" Name="m">
<Header>
<Loc EndOffset="71" SrcFileId="1" StartOffset="27"/>
</Header>
<LocList>
<Loc EndOffset="148" SrcFileId="1" StartOffset="27"/>
</LocList>
<StmntSeq Intrnl_Id="10">
<LocList>
<Loc EndOffset="91" SrcFileId="1" StartOffset="77"/>
<Loc EndOffset="144" SrcFileId="1" StartOffset="95"/>
</LocList>
<BasicStmnt CovItemId="S1" CovItemPrefix="Calcolo.java" Intrnl_Id="11">
<LocList>
<Loc EndOffset="91" SrcFileId="1" StartOffset="77"/>
</LocList>
</BasicStmnt>
<CondStmnt CovItemId="S2" CovItemPrefix="Calcolo.java" Intrnl_Id="12">
<Branch CovItemId="B1" CovItemPrefix="Calcolo.java" Implct="false" Intrnl_Id="13">
<Cond/>
<LocList>
<Loc EndOffset="144" SrcFileId="1" StartOffset="129"/>
</LocList>
<StmntSeq Intrnl_Id="14">
<LocList>
<Loc EndOffset="139" SrcFileId="1" StartOffset="135"/>
</LocList>
<BasicStmnt CovItemId="S3" CovItemPrefix="Calcolo.java" Intrnl_Id="15">
<LocList>
<Loc EndOffset="139" SrcFileId="1" StartOffset="135"/>
</LocList>
</BasicStmnt>
</StmntSeq>
</Branch>
<Branch CovItemId="B2" CovItemPrefix="Calcolo.java" Implct="true" Intrnl_Id="16">
<Cond/>
<LocList/>
<StmntSeq Intrnl_Id="17">
<LocList/>
</StmntSeq>
</Branch>
<Keyword EndOffset="97" SrcFileId="1" StartOffset="95"/>
<LocList>
<Loc EndOffset="144" SrcFileId="1" StartOffset="95"/>
</LocList>
<RootTerm CovItemId="C1" CovItemPrefix="Calcolo.java" Intrnl_Id="18">
<OpTerm BooleanOpId="3" Intrnl_Id="19">
<OpTerm BooleanOpId="2" Intrnl_Id="20">
<BasicBoolTerm Intrnl_Id="21">
<LocList>
<Loc EndOffset="105" SrcFileId="1" StartOffset="100"/>
</LocList>
</BasicBoolTerm>
<BasicBoolTerm Intrnl_Id="22">
<LocList>
<Loc EndOffset="117" SrcFileId="1" StartOffset="110"/>
</LocList>
</BasicBoolTerm>
<LocList>
<Loc EndOffset="108" SrcFileId="1" StartOffset="106"/>
</LocList>
</OpTerm>
<BasicBoolTerm Intrnl_Id="23">
<LocList>
<Loc EndOffset="128" SrcFileId="1" StartOffset="122"/>
</LocList>
</BasicBoolTerm>
<LocList>
<Loc EndOffset="121" SrcFileId="1" StartOffset="119"/>
</LocList>
</OpTerm>
</RootTerm>
</CondStmnt>
</StmntSeq>
</HierarchyLvl>
</HierarchyLvl>
</HierarchyLvl>
</MASTRoot>
<TestSession Comment="" Date="1354703965704" Name="5-dic-2012 11.39.25">
<TestCase Comment="" Date="1354703965407" Name="CalcoloTestMCDC:testM_copMCDC_ht">
<CovList>
<CovPrefix CovItemPrefix="Calcolo.java">
<Cov CovItemId="B1" Value="1"/>
<Cov CovItemId="S1" Value="1"/>
<Cov CovItemId="S2" Value="1"/>
<Cov CovItemId="S3" Value="1"/>
</CovPrefix>
</CovList>
<AssgnmntList>
<AssgnmntPrefix RootTermCovItemPrefix="Calcolo.java">
<AssgnmntListEntry Length="3" RootTermCovItemId="C1">
<MapEntry BoolAssgnmnt="112" Value="1"/>
</AssgnmntListEntry>
</AssgnmntPrefix>
</AssgnmntList>
<ObjMetaDataList/>
<MetaDataList/>
</TestCase>
<TestCase Comment="" Date="1354703965407" Name="CalcoloTestMCDC:testM_copMCDC_hf">
<CovList>
<CovPrefix CovItemPrefix="Calcolo.java">
<Cov CovItemId="B2" Value="1"/>
<Cov CovItemId="S1" Value="1"/>
<Cov CovItemId="S2" Value="1"/>
</CovPrefix>
</CovList>
<AssgnmntList>
<AssgnmntPrefix RootTermCovItemPrefix="Calcolo.java">
<AssgnmntListEntry Length="3" RootTermCovItemId="C1">
<MapEntry BoolAssgnmnt="020" Value="1"/>
</AssgnmntListEntry>
</AssgnmntPrefix>
</AssgnmntList>
<ObjMetaDataList/>
<MetaDataList/>
</TestCase>
<TestCase Comment="" Date="1354703965407" Name="CalcoloTestMCDC:testM_copMCDC_pf">
<CovList>
<CovPrefix CovItemPrefix="Calcolo.java">
<Cov CovItemId="B2" Value="1"/>
<Cov CovItemId="S1" Value="1"/>
<Cov CovItemId="S2" Value="1"/>
</CovPrefix>
</CovList>
<AssgnmntList>
<AssgnmntPrefix RootTermCovItemPrefix="Calcolo.java">
<AssgnmntListEntry Length="3" RootTermCovItemId="C1">
<MapEntry BoolAssgnmnt="100" Value="1"/>
</AssgnmntListEntry>
</AssgnmntPrefix>
</AssgnmntList>
<ObjMetaDataList/>
<MetaDataList/>
</TestCase>
<MetaDataList/>
</TestSession>
</TestSessionContainer>
