<?xml version="1.0" encoding="UTF-8"?><TestSessionContainer xmlns="http://www.codecover.org/xml/testsession-container" Date="1354701323361" TestSessionContainerId="502a76b2-66e2-49ab-b9e0-a4f54c460084" version="1.0">
<SrcFileList>
<SrcFile Content="import static org.junit.Assert.*;&#13;&#10;&#13;&#10;import org.junit.Test;&#13;&#10;&#13;&#10;&#13;&#10;public class CalcoloTest {&#13;&#10;&#13;&#10;&#9;@Test&#13;&#10;&#9;public void testM_copInstruzioni() {&#13;&#10;&#9;&#9;Calcolo.m(0, 0, false);&#13;&#10;&#9;}&#13;&#10;&#13;&#10;}&#13;&#10;" Filename="CalcoloTest.java" Intrnl_Id="1"/>
<SrcFile Content="public class Calcolo {&#13;&#10;&#13;&#10;&#9;static void m(int x, int y, boolean proceed) {&#13;&#10;&#9;&#9;int h = x * y;&#13;&#10;&#9;&#9;if ((h&gt;100 &amp;&amp;  proceed) || x == 0){&#13;&#10;&#9;&#9;&#9;y++;&#13;&#10;&#9;&#9;}&#13;&#10;&#9;}&#13;&#10;&#13;&#10;}&#13;&#10;" Filename="Calcolo.java" Intrnl_Id="2"/>
</SrcFileList>
<CritList>
<CritListEntry Name="org.codecover.model.utils.criteria.BranchCoverage" PluginName="org.codecover"/>
<CritListEntry Name="org.codecover.model.utils.criteria.ConditionCoverage" PluginName="org.codecover"/>
<CritListEntry Name="org.codecover.model.utils.criteria.QMOCoverage" PluginName="org.codecover"/>
<CritListEntry Name="org.codecover.model.utils.criteria.StatementCoverage" PluginName="org.codecover"/>
</CritList>
<BoolOpList>
<BoolOp Arity="2" Intrnl_Id="3" Name="conditional and (&amp;&amp;)">
<BoolAssgnmntBoolMapList>
<MapEntry BoolAssgnmnt="10" Value="false"/>
<MapEntry BoolAssgnmnt="02" Value="false"/>
<MapEntry BoolAssgnmnt="11" Value="true"/>
</BoolAssgnmntBoolMapList>
</BoolOp>
<BoolOp Arity="2" Intrnl_Id="4" Name="conditional or (||)">
<BoolAssgnmntBoolMapList>
<MapEntry BoolAssgnmnt="01" Value="true"/>
<MapEntry BoolAssgnmnt="00" Value="false"/>
<MapEntry BoolAssgnmnt="12" Value="true"/>
</BoolAssgnmntBoolMapList>
</BoolOp>
</BoolOpList>
<HierarchyLvlTypeList>
<HierarchyLvlType EnglishName="class" IntrnlName="class" Intrnl_Id="5"/>
<HierarchyLvlType EnglishName="method" IntrnlName="method" Intrnl_Id="6"/>
<HierarchyLvlType EnglishName="default package" IntrnlName="default package" Intrnl_Id="7"/>
</HierarchyLvlTypeList>
<MASTRoot>
<HierarchyLvl HierarchyLvlId="10" HierarchyLvlTypeId="7" Intrnl_Id="8" Name="default package">
<Header/>
<LocList/>
<HierarchyLvl HierarchyLvlId="7" HierarchyLvlTypeId="5" Intrnl_Id="9" Name="CalcoloTest">
<Header>
<Loc EndOffset="89" SrcFileId="1" StartOffset="65"/>
</Header>
<LocList>
<Loc EndOffset="176" SrcFileId="1" StartOffset="65"/>
</LocList>
<HierarchyLvl HierarchyLvlId="6" HierarchyLvlTypeId="6" Intrnl_Id="10" Name="testM_copInstruzioni">
<Header>
<Loc EndOffset="138" SrcFileId="1" StartOffset="96"/>
</Header>
<LocList>
<Loc EndOffset="171" SrcFileId="1" StartOffset="96"/>
</LocList>
<StmntSeq Intrnl_Id="11">
<LocList>
<Loc EndOffset="167" SrcFileId="1" StartOffset="144"/>
</LocList>
<BasicStmnt CovItemId="S1" CovItemPrefix="CalcoloTest.java" Intrnl_Id="12">
<LocList>
<Loc EndOffset="167" SrcFileId="1" StartOffset="144"/>
</LocList>
</BasicStmnt>
</StmntSeq>
</HierarchyLvl>
</HierarchyLvl>
<HierarchyLvl HierarchyLvlId="9" HierarchyLvlTypeId="5" Intrnl_Id="13" Name="Calcolo">
<Header>
<Loc EndOffset="20" SrcFileId="2" StartOffset="0"/>
</Header>
<LocList>
<Loc EndOffset="153" SrcFileId="2" StartOffset="0"/>
</LocList>
<HierarchyLvl HierarchyLvlId="8" HierarchyLvlTypeId="6" Intrnl_Id="14" Name="m">
<Header>
<Loc EndOffset="71" SrcFileId="2" StartOffset="27"/>
</Header>
<LocList>
<Loc EndOffset="148" SrcFileId="2" StartOffset="27"/>
</LocList>
<StmntSeq Intrnl_Id="15">
<LocList>
<Loc EndOffset="91" SrcFileId="2" StartOffset="77"/>
<Loc EndOffset="144" SrcFileId="2" StartOffset="95"/>
</LocList>
<BasicStmnt CovItemId="S1" CovItemPrefix="Calcolo.java" Intrnl_Id="16">
<LocList>
<Loc EndOffset="91" SrcFileId="2" StartOffset="77"/>
</LocList>
</BasicStmnt>
<CondStmnt CovItemId="S2" CovItemPrefix="Calcolo.java" Intrnl_Id="17">
<Branch CovItemId="B1" CovItemPrefix="Calcolo.java" Implct="false" Intrnl_Id="18">
<Cond/>
<LocList>
<Loc EndOffset="144" SrcFileId="2" StartOffset="129"/>
</LocList>
<StmntSeq Intrnl_Id="19">
<LocList>
<Loc EndOffset="139" SrcFileId="2" StartOffset="135"/>
</LocList>
<BasicStmnt CovItemId="S3" CovItemPrefix="Calcolo.java" Intrnl_Id="20">
<LocList>
<Loc EndOffset="139" SrcFileId="2" StartOffset="135"/>
</LocList>
</BasicStmnt>
</StmntSeq>
</Branch>
<Branch CovItemId="B2" CovItemPrefix="Calcolo.java" Implct="true" Intrnl_Id="21">
<Cond/>
<LocList/>
<StmntSeq Intrnl_Id="22">
<LocList/>
</StmntSeq>
</Branch>
<Keyword EndOffset="97" SrcFileId="2" StartOffset="95"/>
<LocList>
<Loc EndOffset="144" SrcFileId="2" StartOffset="95"/>
</LocList>
<RootTerm CovItemId="C1" CovItemPrefix="Calcolo.java" Intrnl_Id="23">
<OpTerm BooleanOpId="4" Intrnl_Id="24">
<OpTerm BooleanOpId="3" Intrnl_Id="25">
<BasicBoolTerm Intrnl_Id="26">
<LocList>
<Loc EndOffset="105" SrcFileId="2" StartOffset="100"/>
</LocList>
</BasicBoolTerm>
<BasicBoolTerm Intrnl_Id="27">
<LocList>
<Loc EndOffset="117" SrcFileId="2" StartOffset="110"/>
</LocList>
</BasicBoolTerm>
<LocList>
<Loc EndOffset="108" SrcFileId="2" StartOffset="106"/>
</LocList>
</OpTerm>
<BasicBoolTerm Intrnl_Id="28">
<LocList>
<Loc EndOffset="128" SrcFileId="2" StartOffset="122"/>
</LocList>
</BasicBoolTerm>
<LocList>
<Loc EndOffset="121" SrcFileId="2" StartOffset="119"/>
</LocList>
</OpTerm>
</RootTerm>
</CondStmnt>
</StmntSeq>
</HierarchyLvl>
</HierarchyLvl>
</HierarchyLvl>
</MASTRoot>
</TestSessionContainer>
