<?xml version="1.0" encoding="UTF-8"?><TestSessionContainer xmlns="http://www.codecover.org/xml/testsession-container" Date="1354702947866" TestSessionContainerId="2f3c8350-546a-4140-863b-6daaa8c55a81" version="1.0">
<SrcFileList>
<SrcFile Content="public class Calcolo {&#13;&#10;&#13;&#10;&#9;static void m(int x, int y, boolean proceed) {&#13;&#10;&#9;&#9;int h = x * y;&#13;&#10;&#9;&#9;if ((h&gt;100 &amp;  proceed) | x == 0){&#13;&#10;&#9;&#9;&#9;y++;&#13;&#10;&#9;&#9;}&#13;&#10;&#9;}&#13;&#10;&#13;&#10;}&#13;&#10;" Filename="Calcolo.java" Intrnl_Id="1"/>
</SrcFileList>
<CritList>
<CritListEntry Name="org.codecover.model.utils.criteria.BranchCoverage" PluginName="org.codecover"/>
<CritListEntry Name="org.codecover.model.utils.criteria.ConditionCoverage" PluginName="org.codecover"/>
<CritListEntry Name="org.codecover.model.utils.criteria.QMOCoverage" PluginName="org.codecover"/>
<CritListEntry Name="org.codecover.model.utils.criteria.StatementCoverage" PluginName="org.codecover"/>
</CritList>
<BoolOpList>
<BoolOp Arity="2" Intrnl_Id="2" Name="and (&amp;)">
<BoolAssgnmntBoolMapList>
<MapEntry BoolAssgnmnt="01" Value="false"/>
<MapEntry BoolAssgnmnt="00" Value="false"/>
<MapEntry BoolAssgnmnt="10" Value="false"/>
<MapEntry BoolAssgnmnt="11" Value="true"/>
</BoolAssgnmntBoolMapList>
</BoolOp>
<BoolOp Arity="2" Intrnl_Id="3" Name="or (|)">
<BoolAssgnmntBoolMapList>
<MapEntry BoolAssgnmnt="01" Value="true"/>
<MapEntry BoolAssgnmnt="00" Value="false"/>
<MapEntry BoolAssgnmnt="10" Value="true"/>
<MapEntry BoolAssgnmnt="11" Value="true"/>
</BoolAssgnmntBoolMapList>
</BoolOp>
</BoolOpList>
<HierarchyLvlTypeList>
<HierarchyLvlType EnglishName="class" IntrnlName="class" Intrnl_Id="4"/>
<HierarchyLvlType EnglishName="method" IntrnlName="method" Intrnl_Id="5"/>
<HierarchyLvlType EnglishName="default package" IntrnlName="default package" Intrnl_Id="6"/>
</HierarchyLvlTypeList>
<MASTRoot>
<HierarchyLvl HierarchyLvlId="46" HierarchyLvlTypeId="6" Intrnl_Id="7" Name="default package">
<Header/>
<LocList/>
<HierarchyLvl HierarchyLvlId="45" HierarchyLvlTypeId="4" Intrnl_Id="8" Name="Calcolo">
<Header>
<Loc EndOffset="20" SrcFileId="1" StartOffset="0"/>
</Header>
<LocList>
<Loc EndOffset="151" SrcFileId="1" StartOffset="0"/>
</LocList>
<HierarchyLvl HierarchyLvlId="44" HierarchyLvlTypeId="5" Intrnl_Id="9" Name="m">
<Header>
<Loc EndOffset="71" SrcFileId="1" StartOffset="27"/>
</Header>
<LocList>
<Loc EndOffset="146" SrcFileId="1" StartOffset="27"/>
</LocList>
<StmntSeq Intrnl_Id="10">
<LocList>
<Loc EndOffset="91" SrcFileId="1" StartOffset="77"/>
<Loc EndOffset="142" SrcFileId="1" StartOffset="95"/>
</LocList>
<BasicStmnt CovItemId="S1" CovItemPrefix="Calcolo.java" Intrnl_Id="11">
<LocList>
<Loc EndOffset="91" SrcFileId="1" StartOffset="77"/>
</LocList>
</BasicStmnt>
<CondStmnt CovItemId="S2" CovItemPrefix="Calcolo.java" Intrnl_Id="12">
<Branch CovItemId="B1" CovItemPrefix="Calcolo.java" Implct="false" Intrnl_Id="13">
<Cond/>
<LocList>
<Loc EndOffset="142" SrcFileId="1" StartOffset="127"/>
</LocList>
<StmntSeq Intrnl_Id="14">
<LocList>
<Loc EndOffset="137" SrcFileId="1" StartOffset="133"/>
</LocList>
<BasicStmnt CovItemId="S3" CovItemPrefix="Calcolo.java" Intrnl_Id="15">
<LocList>
<Loc EndOffset="137" SrcFileId="1" StartOffset="133"/>
</LocList>
</BasicStmnt>
</StmntSeq>
</Branch>
<Branch CovItemId="B2" CovItemPrefix="Calcolo.java" Implct="true" Intrnl_Id="16">
<Cond/>
<LocList/>
<StmntSeq Intrnl_Id="17">
<LocList/>
</StmntSeq>
</Branch>
<Keyword EndOffset="97" SrcFileId="1" StartOffset="95"/>
<LocList>
<Loc EndOffset="142" SrcFileId="1" StartOffset="95"/>
</LocList>
<RootTerm CovItemId="C1" CovItemPrefix="Calcolo.java" Intrnl_Id="18">
<OpTerm BooleanOpId="3" Intrnl_Id="19">
<OpTerm BooleanOpId="2" Intrnl_Id="20">
<BasicBoolTerm Intrnl_Id="21">
<LocList>
<Loc EndOffset="105" SrcFileId="1" StartOffset="100"/>
</LocList>
</BasicBoolTerm>
<BasicBoolTerm Intrnl_Id="22">
<LocList>
<Loc EndOffset="116" SrcFileId="1" StartOffset="109"/>
</LocList>
</BasicBoolTerm>
<LocList>
<Loc EndOffset="107" SrcFileId="1" StartOffset="106"/>
</LocList>
</OpTerm>
<BasicBoolTerm Intrnl_Id="23">
<LocList>
<Loc EndOffset="126" SrcFileId="1" StartOffset="120"/>
</LocList>
</BasicBoolTerm>
<LocList>
<Loc EndOffset="119" SrcFileId="1" StartOffset="118"/>
</LocList>
</OpTerm>
</RootTerm>
</CondStmnt>
</StmntSeq>
</HierarchyLvl>
</HierarchyLvl>
</HierarchyLvl>
</MASTRoot>
<TestSession Comment="" Date="1354702951758" Name="5-dic-2012 11.22.31">
<TestCase Comment="" Date="1354702951415" Name="CalcoloTestMCDC:testM_copMCDC_ht">
<CovList>
<CovPrefix CovItemPrefix="Calcolo.java">
<Cov CovItemId="B1" Value="1"/>
<Cov CovItemId="S1" Value="1"/>
<Cov CovItemId="S2" Value="1"/>
<Cov CovItemId="S3" Value="1"/>
</CovPrefix>
</CovList>
<AssgnmntList>
<AssgnmntPrefix RootTermCovItemPrefix="Calcolo.java">
<AssgnmntListEntry Length="3" RootTermCovItemId="C1">
<MapEntry BoolAssgnmnt="110" Value="1"/>
</AssgnmntListEntry>
</AssgnmntPrefix>
</AssgnmntList>
<ObjMetaDataList/>
<MetaDataList/>
</TestCase>
<TestCase Comment="" Date="1354702951431" Name="CalcoloTestMCDC:testM_copMCDC_hf">
<CovList>
<CovPrefix CovItemPrefix="Calcolo.java">
<Cov CovItemId="B2" Value="1"/>
<Cov CovItemId="S1" Value="1"/>
<Cov CovItemId="S2" Value="1"/>
</CovPrefix>
</CovList>
<AssgnmntList>
<AssgnmntPrefix RootTermCovItemPrefix="Calcolo.java">
<AssgnmntListEntry Length="3" RootTermCovItemId="C1">
<MapEntry BoolAssgnmnt="010" Value="1"/>
</AssgnmntListEntry>
</AssgnmntPrefix>
</AssgnmntList>
<ObjMetaDataList/>
<MetaDataList/>
</TestCase>
<TestCase Comment="" Date="1354702951431" Name="CalcoloTestMCDC:testM_copMCDC_xt">
<CovList>
<CovPrefix CovItemPrefix="Calcolo.java">
<Cov CovItemId="B1" Value="1"/>
<Cov CovItemId="S1" Value="1"/>
<Cov CovItemId="S2" Value="1"/>
<Cov CovItemId="S3" Value="1"/>
</CovPrefix>
</CovList>
<AssgnmntList>
<AssgnmntPrefix RootTermCovItemPrefix="Calcolo.java">
<AssgnmntListEntry Length="3" RootTermCovItemId="C1">
<MapEntry BoolAssgnmnt="001" Value="1"/>
</AssgnmntListEntry>
</AssgnmntPrefix>
</AssgnmntList>
<ObjMetaDataList/>
<MetaDataList/>
</TestCase>
<TestCase Comment="" Date="1354702951431" Name="CalcoloTestMCDC:testM_copMCDC_pf">
<CovList>
<CovPrefix CovItemPrefix="Calcolo.java">
<Cov CovItemId="B2" Value="1"/>
<Cov CovItemId="S1" Value="1"/>
<Cov CovItemId="S2" Value="1"/>
</CovPrefix>
</CovList>
<AssgnmntList>
<AssgnmntPrefix RootTermCovItemPrefix="Calcolo.java">
<AssgnmntListEntry Length="3" RootTermCovItemId="C1">
<MapEntry BoolAssgnmnt="100" Value="1"/>
</AssgnmntListEntry>
</AssgnmntPrefix>
</AssgnmntList>
<ObjMetaDataList/>
<MetaDataList/>
</TestCase>
<MetaDataList/>
</TestSession>
</TestSessionContainer>
